Performing C SOURCE FILE Test CMAKE_HAVE_LIBC_PTHREAD failed with the following output:
Change Dir: /home/fetzfs_projects/SpecPart/src/ilp_partitioner/build/CMakeFiles/CMakeTmp

Run Build Command(s):/usr/bin/gmake cmTC_18fb3/fast && /usr/bin/gmake -f CMakeFiles/cmTC_18fb3.dir/build.make CMakeFiles/cmTC_18fb3.dir/build
gmake[1]: Entering directory '/home/fetzfs_projects/SpecPart/src/ilp_partitioner/build/CMakeFiles/CMakeTmp'
Building C object CMakeFiles/cmTC_18fb3.dir/src.c.o
/usr/bin/cc   -DCMAKE_HAVE_LIBC_PTHREAD   -o CMakeFiles/cmTC_18fb3.dir/src.c.o   -c /home/fetzfs_projects/SpecPart/src/ilp_partitioner/build/CMakeFiles/CMakeTmp/src.c
Linking C executable cmTC_18fb3
/home/tool/cmake/cmake-3.16.2/bin/cmake -E cmake_link_script CMakeFiles/cmTC_18fb3.dir/link.txt --verbose=1
/usr/bin/cc  -DCMAKE_HAVE_LIBC_PTHREAD    CMakeFiles/cmTC_18fb3.dir/src.c.o  -o cmTC_18fb3 
CMakeFiles/cmTC_18fb3.dir/src.c.o: In function `main':
src.c:(.text+0x2d): undefined reference to `pthread_create'
src.c:(.text+0x39): undefined reference to `pthread_detach'
src.c:(.text+0x4a): undefined reference to `pthread_join'
collect2: error: ld returned 1 exit status
gmake[1]: *** [CMakeFiles/cmTC_18fb3.dir/build.make:87: cmTC_18fb3] Error 1
gmake[1]: Leaving directory '/home/fetzfs_projects/SpecPart/src/ilp_partitioner/build/CMakeFiles/CMakeTmp'
gmake: *** [Makefile:121: cmTC_18fb3/fast] Error 2


Source file was:
#include <pthread.h>

void* test_func(void* data)
{
  return data;
}

int main(void)
{
  pthread_t thread;
  pthread_create(&thread, NULL, test_func, NULL);
  pthread_detach(thread);
  pthread_join(thread, NULL);
  pthread_atfork(NULL, NULL, NULL);
  pthread_exit(NULL);

  return 0;
}

Determining if the function pthread_create exists in the pthreads failed with the following output:
Change Dir: /home/fetzfs_projects/SpecPart/src/ilp_partitioner/build/CMakeFiles/CMakeTmp

Run Build Command(s):/usr/bin/gmake cmTC_8531b/fast && /usr/bin/gmake -f CMakeFiles/cmTC_8531b.dir/build.make CMakeFiles/cmTC_8531b.dir/build
gmake[1]: Entering directory '/home/fetzfs_projects/SpecPart/src/ilp_partitioner/build/CMakeFiles/CMakeTmp'
Building C object CMakeFiles/cmTC_8531b.dir/CheckFunctionExists.c.o
/usr/bin/cc   -DCHECK_FUNCTION_EXISTS=pthread_create   -o CMakeFiles/cmTC_8531b.dir/CheckFunctionExists.c.o   -c /home/tool/cmake/cmake-3.16.2/share/cmake-3.16/Modules/CheckFunctionExists.c
Linking C executable cmTC_8531b
/home/tool/cmake/cmake-3.16.2/bin/cmake -E cmake_link_script CMakeFiles/cmTC_8531b.dir/link.txt --verbose=1
/usr/bin/cc  -DCHECK_FUNCTION_EXISTS=pthread_create    CMakeFiles/cmTC_8531b.dir/CheckFunctionExists.c.o  -o cmTC_8531b  -lpthreads 
/usr/bin/ld: cannot find -lpthreads
collect2: error: ld returned 1 exit status
gmake[1]: *** [CMakeFiles/cmTC_8531b.dir/build.make:87: cmTC_8531b] Error 1
gmake[1]: Leaving directory '/home/fetzfs_projects/SpecPart/src/ilp_partitioner/build/CMakeFiles/CMakeTmp'
gmake: *** [Makefile:121: cmTC_8531b/fast] Error 2



