Performing C SOURCE FILE Test CMAKE_HAVE_LIBC_PTHREAD failed with the following output:
Change Dir: /home/bodhi91/SpecPart_extension/src/build_cplex/CMakeFiles/CMakeTmp

Run Build Command(s):/usr/bin/gmake cmTC_f5818/fast && /usr/bin/gmake -f CMakeFiles/cmTC_f5818.dir/build.make CMakeFiles/cmTC_f5818.dir/build
gmake[1]: Entering directory '/home/bodhi91/SpecPart_extension/src/build_cplex/CMakeFiles/CMakeTmp'
Building C object CMakeFiles/cmTC_f5818.dir/src.c.o
/usr/bin/cc   -DCMAKE_HAVE_LIBC_PTHREAD   -o CMakeFiles/cmTC_f5818.dir/src.c.o   -c /home/bodhi91/SpecPart_extension/src/build_cplex/CMakeFiles/CMakeTmp/src.c
Linking C executable cmTC_f5818
/home/tool/cmake/cmake-3.16.2/bin/cmake -E cmake_link_script CMakeFiles/cmTC_f5818.dir/link.txt --verbose=1
/usr/bin/cc  -DCMAKE_HAVE_LIBC_PTHREAD    -rdynamic CMakeFiles/cmTC_f5818.dir/src.c.o  -o cmTC_f5818 
CMakeFiles/cmTC_f5818.dir/src.c.o: In function `main':
src.c:(.text+0x2d): undefined reference to `pthread_create'
src.c:(.text+0x39): undefined reference to `pthread_detach'
src.c:(.text+0x4a): undefined reference to `pthread_join'
collect2: error: ld returned 1 exit status
gmake[1]: *** [CMakeFiles/cmTC_f5818.dir/build.make:87: cmTC_f5818] Error 1
gmake[1]: Leaving directory '/home/bodhi91/SpecPart_extension/src/build_cplex/CMakeFiles/CMakeTmp'
gmake: *** [Makefile:121: cmTC_f5818/fast] Error 2


Source file was:
#include <pthread.h>

void* test_func(void* data)
{
  return data;
}

int main(void)
{
  pthread_t thread;
  pthread_create(&thread, NULL, test_func, NULL);
  pthread_detach(thread);
  pthread_join(thread, NULL);
  pthread_atfork(NULL, NULL, NULL);
  pthread_exit(NULL);

  return 0;
}

Determining if the function pthread_create exists in the pthreads failed with the following output:
Change Dir: /home/bodhi91/SpecPart_extension/src/build_cplex/CMakeFiles/CMakeTmp

Run Build Command(s):/usr/bin/gmake cmTC_1cf7e/fast && /usr/bin/gmake -f CMakeFiles/cmTC_1cf7e.dir/build.make CMakeFiles/cmTC_1cf7e.dir/build
gmake[1]: Entering directory '/home/bodhi91/SpecPart_extension/src/build_cplex/CMakeFiles/CMakeTmp'
Building C object CMakeFiles/cmTC_1cf7e.dir/CheckFunctionExists.c.o
/usr/bin/cc   -DCHECK_FUNCTION_EXISTS=pthread_create   -o CMakeFiles/cmTC_1cf7e.dir/CheckFunctionExists.c.o   -c /home/tool/cmake/cmake-3.16.2/share/cmake-3.16/Modules/CheckFunctionExists.c
Linking C executable cmTC_1cf7e
/home/tool/cmake/cmake-3.16.2/bin/cmake -E cmake_link_script CMakeFiles/cmTC_1cf7e.dir/link.txt --verbose=1
/usr/bin/cc  -DCHECK_FUNCTION_EXISTS=pthread_create    -rdynamic CMakeFiles/cmTC_1cf7e.dir/CheckFunctionExists.c.o  -o cmTC_1cf7e  -lpthreads 
/usr/bin/ld: cannot find -lpthreads
collect2: error: ld returned 1 exit status
gmake[1]: *** [CMakeFiles/cmTC_1cf7e.dir/build.make:87: cmTC_1cf7e] Error 1
gmake[1]: Leaving directory '/home/bodhi91/SpecPart_extension/src/build_cplex/CMakeFiles/CMakeTmp'
gmake: *** [Makefile:121: cmTC_1cf7e/fast] Error 2



