The system is: Linux - 4.18.0-408.el8.x86_64 - x86_64
Compiling the C compiler identification source file "CMakeCCompilerId.c" succeeded.
Compiler: /usr/bin/cc 
Build flags: 
Id flags:  

The output was:
0


Compilation of the C compiler identification source "CMakeCCompilerId.c" produced "a.out"

The C compiler identification is GNU, found in "/home/fetzfs_projects/SpecPart/src/ilp_partitioner/build/CMakeFiles/3.16.2/CompilerIdC/a.out"

Compiling the CXX compiler identification source file "CMakeCXXCompilerId.cpp" succeeded.
Compiler: /usr/bin/c++ 
Build flags: 
Id flags:  

The output was:
0


Compilation of the CXX compiler identification source "CMakeCXXCompilerId.cpp" produced "a.out"

The CXX compiler identification is GNU, found in "/home/fetzfs_projects/SpecPart/src/ilp_partitioner/build/CMakeFiles/3.16.2/CompilerIdCXX/a.out"

Determining if the C compiler works passed with the following output:
Change Dir: /home/fetzfs_projects/SpecPart/src/ilp_partitioner/build/CMakeFiles/CMakeTmp

Run Build Command(s):/usr/bin/gmake cmTC_58788/fast && /usr/bin/gmake -f CMakeFiles/cmTC_58788.dir/build.make CMakeFiles/cmTC_58788.dir/build
gmake[1]: Entering directory '/home/fetzfs_projects/SpecPart/src/ilp_partitioner/build/CMakeFiles/CMakeTmp'
Building C object CMakeFiles/cmTC_58788.dir/testCCompiler.c.o
/usr/bin/cc    -o CMakeFiles/cmTC_58788.dir/testCCompiler.c.o   -c /home/fetzfs_projects/SpecPart/src/ilp_partitioner/build/CMakeFiles/CMakeTmp/testCCompiler.c
Linking C executable cmTC_58788
/home/tool/cmake/cmake-3.16.2/bin/cmake -E cmake_link_script CMakeFiles/cmTC_58788.dir/link.txt --verbose=1
/usr/bin/cc      -rdynamic CMakeFiles/cmTC_58788.dir/testCCompiler.c.o  -o cmTC_58788 
gmake[1]: Leaving directory '/home/fetzfs_projects/SpecPart/src/ilp_partitioner/build/CMakeFiles/CMakeTmp'



Detecting C compiler ABI info compiled with the following output:
Change Dir: /home/fetzfs_projects/SpecPart/src/ilp_partitioner/build/CMakeFiles/CMakeTmp

Run Build Command(s):/usr/bin/gmake cmTC_2c87f/fast && /usr/bin/gmake -f CMakeFiles/cmTC_2c87f.dir/build.make CMakeFiles/cmTC_2c87f.dir/build
gmake[1]: Entering directory '/home/fetzfs_projects/SpecPart/src/ilp_partitioner/build/CMakeFiles/CMakeTmp'
Building C object CMakeFiles/cmTC_2c87f.dir/CMakeCCompilerABI.c.o
/usr/bin/cc   -v -o CMakeFiles/cmTC_2c87f.dir/CMakeCCompilerABI.c.o   -c /home/tool/cmake/cmake-3.16.2/share/cmake-3.16/Modules/CMakeCCompilerABI.c
Using built-in specs.
COLLECT_GCC=/usr/bin/cc
OFFLOAD_TARGET_NAMES=nvptx-none
OFFLOAD_TARGET_DEFAULT=1
Target: x86_64-redhat-linux
Configured with: ../configure --enable-bootstrap --enable-languages=c,c++,fortran,lto --prefix=/usr --mandir=/usr/share/man --infodir=/usr/share/info --with-bugurl=http://bugzilla.redhat.com/bugzilla --enable-shared --enable-threads=posix --enable-checking=release --enable-multilib --with-system-zlib --enable-__cxa_atexit --disable-libunwind-exceptions --enable-gnu-unique-object --enable-linker-build-id --with-gcc-major-version-only --with-linker-hash-style=gnu --enable-plugin --enable-initfini-array --with-isl --disable-libmpx --enable-offload-targets=nvptx-none --without-cuda-driver --enable-gnu-indirect-function --enable-cet --with-tune=generic --with-arch_32=x86-64 --build=x86_64-redhat-linux
Thread model: posix
gcc version 8.5.0 20210514 (Red Hat 8.5.0-18) (GCC) 
COLLECT_GCC_OPTIONS='-v' '-o' 'CMakeFiles/cmTC_2c87f.dir/CMakeCCompilerABI.c.o' '-c' '-mtune=generic' '-march=x86-64'
 /usr/libexec/gcc/x86_64-redhat-linux/8/cc1 -quiet -v /home/tool/cmake/cmake-3.16.2/share/cmake-3.16/Modules/CMakeCCompilerABI.c -quiet -dumpbase CMakeCCompilerABI.c -mtune=generic -march=x86-64 -auxbase-strip CMakeFiles/cmTC_2c87f.dir/CMakeCCompilerABI.c.o -version -o /tmp/ccvu0wDT.s
GNU C17 (GCC) version 8.5.0 20210514 (Red Hat 8.5.0-18) (x86_64-redhat-linux)
	compiled by GNU C version 8.5.0 20210514 (Red Hat 8.5.0-18), GMP version 6.1.2, MPFR version 3.1.6-p2, MPC version 1.1.0, isl version isl-0.16.1-GMP

GGC heuristics: --param ggc-min-expand=100 --param ggc-min-heapsize=131072
ignoring nonexistent directory "/usr/lib/gcc/x86_64-redhat-linux/8/include-fixed"
ignoring nonexistent directory "/usr/lib/gcc/x86_64-redhat-linux/8/../../../../x86_64-redhat-linux/include"
#include "..." search starts here:
#include <...> search starts here:
 /usr/lib/gcc/x86_64-redhat-linux/8/include
 /usr/local/include
 /usr/include
End of search list.
GNU C17 (GCC) version 8.5.0 20210514 (Red Hat 8.5.0-18) (x86_64-redhat-linux)
	compiled by GNU C version 8.5.0 20210514 (Red Hat 8.5.0-18), GMP version 6.1.2, MPFR version 3.1.6-p2, MPC version 1.1.0, isl version isl-0.16.1-GMP

GGC heuristics: --param ggc-min-expand=100 --param ggc-min-heapsize=131072
Compiler executable checksum: ada8e48a1a2ea7fbfb071f39f8d17d4f
COLLECT_GCC_OPTIONS='-v' '-o' 'CMakeFiles/cmTC_2c87f.dir/CMakeCCompilerABI.c.o' '-c' '-mtune=generic' '-march=x86-64'
 as -v --64 -o CMakeFiles/cmTC_2c87f.dir/CMakeCCompilerABI.c.o /tmp/ccvu0wDT.s
GNU assembler version 2.30 (x86_64-redhat-linux) using BFD version version 2.30-119.el8
COMPILER_PATH=/usr/libexec/gcc/x86_64-redhat-linux/8/:/usr/libexec/gcc/x86_64-redhat-linux/8/:/usr/libexec/gcc/x86_64-redhat-linux/:/usr/lib/gcc/x86_64-redhat-linux/8/:/usr/lib/gcc/x86_64-redhat-linux/
LIBRARY_PATH=/home/tool/gcc/gcc-9.3.0/lib64/../lib64/:/home/tool/gcc/gcc-9.3.0/lib/../lib64/:/home/tool/ortools/install/CentOS7-gcc9/lib64/../lib64/:/home/tool/ortools/install/CentOS7-gcc9/lib/../lib64/:/usr/lib/gcc/x86_64-redhat-linux/8/:/usr/lib/gcc/x86_64-redhat-linux/8/../../../../lib64/:/lib/../lib64/:/usr/lib/../lib64/:/home/tool/gcc/gcc-9.3.0/lib64/:/home/tool/gcc/gcc-9.3.0/lib/:/home/tool/git/install/2.26.2/libexec/:/home/tool/klayout/install/0.27.1-c8/lib64/klayout/:/home/tool/Valgrind/Valgrind-3.12.0/lib/:/home/tool/boost/boost_1_78_0/lib/:/home/tool/flex/2.6.4/lib/:/home/tool/ortools/install/CentOS7-gcc9/lib64/:/home/tool/ortools/install/CentOS7-gcc9/lib/:/usr/lib/gcc/x86_64-redhat-linux/8/../../../:/lib/:/usr/lib/
COLLECT_GCC_OPTIONS='-v' '-o' 'CMakeFiles/cmTC_2c87f.dir/CMakeCCompilerABI.c.o' '-c' '-mtune=generic' '-march=x86-64'
Linking C executable cmTC_2c87f
/home/tool/cmake/cmake-3.16.2/bin/cmake -E cmake_link_script CMakeFiles/cmTC_2c87f.dir/link.txt --verbose=1
/usr/bin/cc     -v -rdynamic CMakeFiles/cmTC_2c87f.dir/CMakeCCompilerABI.c.o  -o cmTC_2c87f 
Using built-in specs.
COLLECT_GCC=/usr/bin/cc
COLLECT_LTO_WRAPPER=/usr/libexec/gcc/x86_64-redhat-linux/8/lto-wrapper
OFFLOAD_TARGET_NAMES=nvptx-none
OFFLOAD_TARGET_DEFAULT=1
Target: x86_64-redhat-linux
Configured with: ../configure --enable-bootstrap --enable-languages=c,c++,fortran,lto --prefix=/usr --mandir=/usr/share/man --infodir=/usr/share/info --with-bugurl=http://bugzilla.redhat.com/bugzilla --enable-shared --enable-threads=posix --enable-checking=release --enable-multilib --with-system-zlib --enable-__cxa_atexit --disable-libunwind-exceptions --enable-gnu-unique-object --enable-linker-build-id --with-gcc-major-version-only --with-linker-hash-style=gnu --enable-plugin --enable-initfini-array --with-isl --disable-libmpx --enable-offload-targets=nvptx-none --without-cuda-driver --enable-gnu-indirect-function --enable-cet --with-tune=generic --with-arch_32=x86-64 --build=x86_64-redhat-linux
Thread model: posix
gcc version 8.5.0 20210514 (Red Hat 8.5.0-18) (GCC) 
COMPILER_PATH=/usr/libexec/gcc/x86_64-redhat-linux/8/:/usr/libexec/gcc/x86_64-redhat-linux/8/:/usr/libexec/gcc/x86_64-redhat-linux/:/usr/lib/gcc/x86_64-redhat-linux/8/:/usr/lib/gcc/x86_64-redhat-linux/
LIBRARY_PATH=/home/tool/gcc/gcc-9.3.0/lib64/../lib64/:/home/tool/gcc/gcc-9.3.0/lib/../lib64/:/home/tool/ortools/install/CentOS7-gcc9/lib64/../lib64/:/home/tool/ortools/install/CentOS7-gcc9/lib/../lib64/:/usr/lib/gcc/x86_64-redhat-linux/8/:/usr/lib/gcc/x86_64-redhat-linux/8/../../../../lib64/:/lib/../lib64/:/usr/lib/../lib64/:/home/tool/gcc/gcc-9.3.0/lib64/:/home/tool/gcc/gcc-9.3.0/lib/:/home/tool/git/install/2.26.2/libexec/:/home/tool/klayout/install/0.27.1-c8/lib64/klayout/:/home/tool/Valgrind/Valgrind-3.12.0/lib/:/home/tool/boost/boost_1_78_0/lib/:/home/tool/flex/2.6.4/lib/:/home/tool/ortools/install/CentOS7-gcc9/lib64/:/home/tool/ortools/install/CentOS7-gcc9/lib/:/usr/lib/gcc/x86_64-redhat-linux/8/../../../:/lib/:/usr/lib/
COLLECT_GCC_OPTIONS='-v' '-rdynamic' '-o' 'cmTC_2c87f' '-mtune=generic' '-march=x86-64'
 /usr/libexec/gcc/x86_64-redhat-linux/8/collect2 -plugin /usr/libexec/gcc/x86_64-redhat-linux/8/liblto_plugin.so -plugin-opt=/usr/libexec/gcc/x86_64-redhat-linux/8/lto-wrapper -plugin-opt=-fresolution=/tmp/ccaJEhCg.res -plugin-opt=-pass-through=-lgcc -plugin-opt=-pass-through=-lgcc_s -plugin-opt=-pass-through=-lc -plugin-opt=-pass-through=-lgcc -plugin-opt=-pass-through=-lgcc_s --build-id --no-add-needed --eh-frame-hdr --hash-style=gnu -m elf_x86_64 -export-dynamic -dynamic-linker /lib64/ld-linux-x86-64.so.2 -o cmTC_2c87f /usr/lib/gcc/x86_64-redhat-linux/8/../../../../lib64/crt1.o /usr/lib/gcc/x86_64-redhat-linux/8/../../../../lib64/crti.o /usr/lib/gcc/x86_64-redhat-linux/8/crtbegin.o -L/home/tool/gcc/gcc-9.3.0/lib64/../lib64 -L/home/tool/gcc/gcc-9.3.0/lib/../lib64 -L/home/tool/ortools/install/CentOS7-gcc9/lib64/../lib64 -L/home/tool/ortools/install/CentOS7-gcc9/lib/../lib64 -L/usr/lib/gcc/x86_64-redhat-linux/8 -L/usr/lib/gcc/x86_64-redhat-linux/8/../../../../lib64 -L/lib/../lib64 -L/usr/lib/../lib64 -L/home/tool/gcc/gcc-9.3.0/lib64 -L/home/tool/gcc/gcc-9.3.0/lib -L/home/tool/git/install/2.26.2/libexec -L/home/tool/klayout/install/0.27.1-c8/lib64/klayout -L/home/tool/Valgrind/Valgrind-3.12.0/lib -L/home/tool/boost/boost_1_78_0/lib -L/home/tool/flex/2.6.4/lib -L/home/tool/ortools/install/CentOS7-gcc9/lib64 -L/home/tool/ortools/install/CentOS7-gcc9/lib -L/usr/lib/gcc/x86_64-redhat-linux/8/../../.. CMakeFiles/cmTC_2c87f.dir/CMakeCCompilerABI.c.o -lgcc --as-needed -lgcc_s --no-as-needed -lc -lgcc --as-needed -lgcc_s --no-as-needed /usr/lib/gcc/x86_64-redhat-linux/8/crtend.o /usr/lib/gcc/x86_64-redhat-linux/8/../../../../lib64/crtn.o
COLLECT_GCC_OPTIONS='-v' '-rdynamic' '-o' 'cmTC_2c87f' '-mtune=generic' '-march=x86-64'
gmake[1]: Leaving directory '/home/fetzfs_projects/SpecPart/src/ilp_partitioner/build/CMakeFiles/CMakeTmp'



Parsed C implicit include dir info from above output: rv=done
  found start of include info
  found start of implicit include info
    add: [/usr/lib/gcc/x86_64-redhat-linux/8/include]
    add: [/usr/local/include]
    add: [/usr/include]
  end of search list found
  collapse include dir [/usr/lib/gcc/x86_64-redhat-linux/8/include] ==> [/usr/lib/gcc/x86_64-redhat-linux/8/include]
  collapse include dir [/usr/local/include] ==> [/usr/local/include]
  collapse include dir [/usr/include] ==> [/usr/include]
  implicit include dirs: [/usr/lib/gcc/x86_64-redhat-linux/8/include;/usr/local/include;/usr/include]


Parsed C implicit link information from above output:
  link line regex: [^( *|.*[/\])(ld|CMAKE_LINK_STARTFILE-NOTFOUND|([^/\]+-)?ld|collect2)[^/\]*( |$)]
  ignore line: [Change Dir: /home/fetzfs_projects/SpecPart/src/ilp_partitioner/build/CMakeFiles/CMakeTmp]
  ignore line: []
  ignore line: [Run Build Command(s):/usr/bin/gmake cmTC_2c87f/fast && /usr/bin/gmake -f CMakeFiles/cmTC_2c87f.dir/build.make CMakeFiles/cmTC_2c87f.dir/build]
  ignore line: [gmake[1]: Entering directory '/home/fetzfs_projects/SpecPart/src/ilp_partitioner/build/CMakeFiles/CMakeTmp']
  ignore line: [Building C object CMakeFiles/cmTC_2c87f.dir/CMakeCCompilerABI.c.o]
  ignore line: [/usr/bin/cc   -v -o CMakeFiles/cmTC_2c87f.dir/CMakeCCompilerABI.c.o   -c /home/tool/cmake/cmake-3.16.2/share/cmake-3.16/Modules/CMakeCCompilerABI.c]
  ignore line: [Using built-in specs.]
  ignore line: [COLLECT_GCC=/usr/bin/cc]
  ignore line: [OFFLOAD_TARGET_NAMES=nvptx-none]
  ignore line: [OFFLOAD_TARGET_DEFAULT=1]
  ignore line: [Target: x86_64-redhat-linux]
  ignore line: [Configured with: ../configure --enable-bootstrap --enable-languages=c c++ fortran lto --prefix=/usr --mandir=/usr/share/man --infodir=/usr/share/info --with-bugurl=http://bugzilla.redhat.com/bugzilla --enable-shared --enable-threads=posix --enable-checking=release --enable-multilib --with-system-zlib --enable-__cxa_atexit --disable-libunwind-exceptions --enable-gnu-unique-object --enable-linker-build-id --with-gcc-major-version-only --with-linker-hash-style=gnu --enable-plugin --enable-initfini-array --with-isl --disable-libmpx --enable-offload-targets=nvptx-none --without-cuda-driver --enable-gnu-indirect-function --enable-cet --with-tune=generic --with-arch_32=x86-64 --build=x86_64-redhat-linux]
  ignore line: [Thread model: posix]
  ignore line: [gcc version 8.5.0 20210514 (Red Hat 8.5.0-18) (GCC) ]
  ignore line: [COLLECT_GCC_OPTIONS='-v' '-o' 'CMakeFiles/cmTC_2c87f.dir/CMakeCCompilerABI.c.o' '-c' '-mtune=generic' '-march=x86-64']
  ignore line: [ /usr/libexec/gcc/x86_64-redhat-linux/8/cc1 -quiet -v /home/tool/cmake/cmake-3.16.2/share/cmake-3.16/Modules/CMakeCCompilerABI.c -quiet -dumpbase CMakeCCompilerABI.c -mtune=generic -march=x86-64 -auxbase-strip CMakeFiles/cmTC_2c87f.dir/CMakeCCompilerABI.c.o -version -o /tmp/ccvu0wDT.s]
  ignore line: [GNU C17 (GCC) version 8.5.0 20210514 (Red Hat 8.5.0-18) (x86_64-redhat-linux)]
  ignore line: [	compiled by GNU C version 8.5.0 20210514 (Red Hat 8.5.0-18)  GMP version 6.1.2  MPFR version 3.1.6-p2  MPC version 1.1.0  isl version isl-0.16.1-GMP]
  ignore line: []
  ignore line: [GGC heuristics: --param ggc-min-expand=100 --param ggc-min-heapsize=131072]
  ignore line: [ignoring nonexistent directory "/usr/lib/gcc/x86_64-redhat-linux/8/include-fixed"]
  ignore line: [ignoring nonexistent directory "/usr/lib/gcc/x86_64-redhat-linux/8/../../../../x86_64-redhat-linux/include"]
  ignore line: [#include "..." search starts here:]
  ignore line: [#include <...> search starts here:]
  ignore line: [ /usr/lib/gcc/x86_64-redhat-linux/8/include]
  ignore line: [ /usr/local/include]
  ignore line: [ /usr/include]
  ignore line: [End of search list.]
  ignore line: [GNU C17 (GCC) version 8.5.0 20210514 (Red Hat 8.5.0-18) (x86_64-redhat-linux)]
  ignore line: [	compiled by GNU C version 8.5.0 20210514 (Red Hat 8.5.0-18)  GMP version 6.1.2  MPFR version 3.1.6-p2  MPC version 1.1.0  isl version isl-0.16.1-GMP]
  ignore line: []
  ignore line: [GGC heuristics: --param ggc-min-expand=100 --param ggc-min-heapsize=131072]
  ignore line: [Compiler executable checksum: ada8e48a1a2ea7fbfb071f39f8d17d4f]
  ignore line: [COLLECT_GCC_OPTIONS='-v' '-o' 'CMakeFiles/cmTC_2c87f.dir/CMakeCCompilerABI.c.o' '-c' '-mtune=generic' '-march=x86-64']
  ignore line: [ as -v --64 -o CMakeFiles/cmTC_2c87f.dir/CMakeCCompilerABI.c.o /tmp/ccvu0wDT.s]
  ignore line: [GNU assembler version 2.30 (x86_64-redhat-linux) using BFD version version 2.30-119.el8]
  ignore line: [COMPILER_PATH=/usr/libexec/gcc/x86_64-redhat-linux/8/:/usr/libexec/gcc/x86_64-redhat-linux/8/:/usr/libexec/gcc/x86_64-redhat-linux/:/usr/lib/gcc/x86_64-redhat-linux/8/:/usr/lib/gcc/x86_64-redhat-linux/]
  ignore line: [LIBRARY_PATH=/home/tool/gcc/gcc-9.3.0/lib64/../lib64/:/home/tool/gcc/gcc-9.3.0/lib/../lib64/:/home/tool/ortools/install/CentOS7-gcc9/lib64/../lib64/:/home/tool/ortools/install/CentOS7-gcc9/lib/../lib64/:/usr/lib/gcc/x86_64-redhat-linux/8/:/usr/lib/gcc/x86_64-redhat-linux/8/../../../../lib64/:/lib/../lib64/:/usr/lib/../lib64/:/home/tool/gcc/gcc-9.3.0/lib64/:/home/tool/gcc/gcc-9.3.0/lib/:/home/tool/git/install/2.26.2/libexec/:/home/tool/klayout/install/0.27.1-c8/lib64/klayout/:/home/tool/Valgrind/Valgrind-3.12.0/lib/:/home/tool/boost/boost_1_78_0/lib/:/home/tool/flex/2.6.4/lib/:/home/tool/ortools/install/CentOS7-gcc9/lib64/:/home/tool/ortools/install/CentOS7-gcc9/lib/:/usr/lib/gcc/x86_64-redhat-linux/8/../../../:/lib/:/usr/lib/]
  ignore line: [COLLECT_GCC_OPTIONS='-v' '-o' 'CMakeFiles/cmTC_2c87f.dir/CMakeCCompilerABI.c.o' '-c' '-mtune=generic' '-march=x86-64']
  ignore line: [Linking C executable cmTC_2c87f]
  ignore line: [/home/tool/cmake/cmake-3.16.2/bin/cmake -E cmake_link_script CMakeFiles/cmTC_2c87f.dir/link.txt --verbose=1]
  ignore line: [/usr/bin/cc     -v -rdynamic CMakeFiles/cmTC_2c87f.dir/CMakeCCompilerABI.c.o  -o cmTC_2c87f ]
  ignore line: [Using built-in specs.]
  ignore line: [COLLECT_GCC=/usr/bin/cc]
  ignore line: [COLLECT_LTO_WRAPPER=/usr/libexec/gcc/x86_64-redhat-linux/8/lto-wrapper]
  ignore line: [OFFLOAD_TARGET_NAMES=nvptx-none]
  ignore line: [OFFLOAD_TARGET_DEFAULT=1]
  ignore line: [Target: x86_64-redhat-linux]
  ignore line: [Configured with: ../configure --enable-bootstrap --enable-languages=c c++ fortran lto --prefix=/usr --mandir=/usr/share/man --infodir=/usr/share/info --with-bugurl=http://bugzilla.redhat.com/bugzilla --enable-shared --enable-threads=posix --enable-checking=release --enable-multilib --with-system-zlib --enable-__cxa_atexit --disable-libunwind-exceptions --enable-gnu-unique-object --enable-linker-build-id --with-gcc-major-version-only --with-linker-hash-style=gnu --enable-plugin --enable-initfini-array --with-isl --disable-libmpx --enable-offload-targets=nvptx-none --without-cuda-driver --enable-gnu-indirect-function --enable-cet --with-tune=generic --with-arch_32=x86-64 --build=x86_64-redhat-linux]
  ignore line: [Thread model: posix]
  ignore line: [gcc version 8.5.0 20210514 (Red Hat 8.5.0-18) (GCC) ]
  ignore line: [COMPILER_PATH=/usr/libexec/gcc/x86_64-redhat-linux/8/:/usr/libexec/gcc/x86_64-redhat-linux/8/:/usr/libexec/gcc/x86_64-redhat-linux/:/usr/lib/gcc/x86_64-redhat-linux/8/:/usr/lib/gcc/x86_64-redhat-linux/]
  ignore line: [LIBRARY_PATH=/home/tool/gcc/gcc-9.3.0/lib64/../lib64/:/home/tool/gcc/gcc-9.3.0/lib/../lib64/:/home/tool/ortools/install/CentOS7-gcc9/lib64/../lib64/:/home/tool/ortools/install/CentOS7-gcc9/lib/../lib64/:/usr/lib/gcc/x86_64-redhat-linux/8/:/usr/lib/gcc/x86_64-redhat-linux/8/../../../../lib64/:/lib/../lib64/:/usr/lib/../lib64/:/home/tool/gcc/gcc-9.3.0/lib64/:/home/tool/gcc/gcc-9.3.0/lib/:/home/tool/git/install/2.26.2/libexec/:/home/tool/klayout/install/0.27.1-c8/lib64/klayout/:/home/tool/Valgrind/Valgrind-3.12.0/lib/:/home/tool/boost/boost_1_78_0/lib/:/home/tool/flex/2.6.4/lib/:/home/tool/ortools/install/CentOS7-gcc9/lib64/:/home/tool/ortools/install/CentOS7-gcc9/lib/:/usr/lib/gcc/x86_64-redhat-linux/8/../../../:/lib/:/usr/lib/]
  ignore line: [COLLECT_GCC_OPTIONS='-v' '-rdynamic' '-o' 'cmTC_2c87f' '-mtune=generic' '-march=x86-64']
  link line: [ /usr/libexec/gcc/x86_64-redhat-linux/8/collect2 -plugin /usr/libexec/gcc/x86_64-redhat-linux/8/liblto_plugin.so -plugin-opt=/usr/libexec/gcc/x86_64-redhat-linux/8/lto-wrapper -plugin-opt=-fresolution=/tmp/ccaJEhCg.res -plugin-opt=-pass-through=-lgcc -plugin-opt=-pass-through=-lgcc_s -plugin-opt=-pass-through=-lc -plugin-opt=-pass-through=-lgcc -plugin-opt=-pass-through=-lgcc_s --build-id --no-add-needed --eh-frame-hdr --hash-style=gnu -m elf_x86_64 -export-dynamic -dynamic-linker /lib64/ld-linux-x86-64.so.2 -o cmTC_2c87f /usr/lib/gcc/x86_64-redhat-linux/8/../../../../lib64/crt1.o /usr/lib/gcc/x86_64-redhat-linux/8/../../../../lib64/crti.o /usr/lib/gcc/x86_64-redhat-linux/8/crtbegin.o -L/home/tool/gcc/gcc-9.3.0/lib64/../lib64 -L/home/tool/gcc/gcc-9.3.0/lib/../lib64 -L/home/tool/ortools/install/CentOS7-gcc9/lib64/../lib64 -L/home/tool/ortools/install/CentOS7-gcc9/lib/../lib64 -L/usr/lib/gcc/x86_64-redhat-linux/8 -L/usr/lib/gcc/x86_64-redhat-linux/8/../../../../lib64 -L/lib/../lib64 -L/usr/lib/../lib64 -L/home/tool/gcc/gcc-9.3.0/lib64 -L/home/tool/gcc/gcc-9.3.0/lib -L/home/tool/git/install/2.26.2/libexec -L/home/tool/klayout/install/0.27.1-c8/lib64/klayout -L/home/tool/Valgrind/Valgrind-3.12.0/lib -L/home/tool/boost/boost_1_78_0/lib -L/home/tool/flex/2.6.4/lib -L/home/tool/ortools/install/CentOS7-gcc9/lib64 -L/home/tool/ortools/install/CentOS7-gcc9/lib -L/usr/lib/gcc/x86_64-redhat-linux/8/../../.. CMakeFiles/cmTC_2c87f.dir/CMakeCCompilerABI.c.o -lgcc --as-needed -lgcc_s --no-as-needed -lc -lgcc --as-needed -lgcc_s --no-as-needed /usr/lib/gcc/x86_64-redhat-linux/8/crtend.o /usr/lib/gcc/x86_64-redhat-linux/8/../../../../lib64/crtn.o]
    arg [/usr/libexec/gcc/x86_64-redhat-linux/8/collect2] ==> ignore
    arg [-plugin] ==> ignore
    arg [/usr/libexec/gcc/x86_64-redhat-linux/8/liblto_plugin.so] ==> ignore
    arg [-plugin-opt=/usr/libexec/gcc/x86_64-redhat-linux/8/lto-wrapper] ==> ignore
    arg [-plugin-opt=-fresolution=/tmp/ccaJEhCg.res] ==> ignore
    arg [-plugin-opt=-pass-through=-lgcc] ==> ignore
    arg [-plugin-opt=-pass-through=-lgcc_s] ==> ignore
    arg [-plugin-opt=-pass-through=-lc] ==> ignore
    arg [-plugin-opt=-pass-through=-lgcc] ==> ignore
    arg [-plugin-opt=-pass-through=-lgcc_s] ==> ignore
    arg [--build-id] ==> ignore
    arg [--no-add-needed] ==> ignore
    arg [--eh-frame-hdr] ==> ignore
    arg [--hash-style=gnu] ==> ignore
    arg [-m] ==> ignore
    arg [elf_x86_64] ==> ignore
    arg [-export-dynamic] ==> ignore
    arg [-dynamic-linker] ==> ignore
    arg [/lib64/ld-linux-x86-64.so.2] ==> ignore
    arg [-o] ==> ignore
    arg [cmTC_2c87f] ==> ignore
    arg [/usr/lib/gcc/x86_64-redhat-linux/8/../../../../lib64/crt1.o] ==> ignore
    arg [/usr/lib/gcc/x86_64-redhat-linux/8/../../../../lib64/crti.o] ==> ignore
    arg [/usr/lib/gcc/x86_64-redhat-linux/8/crtbegin.o] ==> ignore
    arg [-L/home/tool/gcc/gcc-9.3.0/lib64/../lib64] ==> dir [/home/tool/gcc/gcc-9.3.0/lib64/../lib64]
    arg [-L/home/tool/gcc/gcc-9.3.0/lib/../lib64] ==> dir [/home/tool/gcc/gcc-9.3.0/lib/../lib64]
    arg [-L/home/tool/ortools/install/CentOS7-gcc9/lib64/../lib64] ==> dir [/home/tool/ortools/install/CentOS7-gcc9/lib64/../lib64]
    arg [-L/home/tool/ortools/install/CentOS7-gcc9/lib/../lib64] ==> dir [/home/tool/ortools/install/CentOS7-gcc9/lib/../lib64]
    arg [-L/usr/lib/gcc/x86_64-redhat-linux/8] ==> dir [/usr/lib/gcc/x86_64-redhat-linux/8]
    arg [-L/usr/lib/gcc/x86_64-redhat-linux/8/../../../../lib64] ==> dir [/usr/lib/gcc/x86_64-redhat-linux/8/../../../../lib64]
    arg [-L/lib/../lib64] ==> dir [/lib/../lib64]
    arg [-L/usr/lib/../lib64] ==> dir [/usr/lib/../lib64]
    arg [-L/home/tool/gcc/gcc-9.3.0/lib64] ==> dir [/home/tool/gcc/gcc-9.3.0/lib64]
    arg [-L/home/tool/gcc/gcc-9.3.0/lib] ==> dir [/home/tool/gcc/gcc-9.3.0/lib]
    arg [-L/home/tool/git/install/2.26.2/libexec] ==> dir [/home/tool/git/install/2.26.2/libexec]
    arg [-L/home/tool/klayout/install/0.27.1-c8/lib64/klayout] ==> dir [/home/tool/klayout/install/0.27.1-c8/lib64/klayout]
    arg [-L/home/tool/Valgrind/Valgrind-3.12.0/lib] ==> dir [/home/tool/Valgrind/Valgrind-3.12.0/lib]
    arg [-L/home/tool/boost/boost_1_78_0/lib] ==> dir [/home/tool/boost/boost_1_78_0/lib]
    arg [-L/home/tool/flex/2.6.4/lib] ==> dir [/home/tool/flex/2.6.4/lib]
    arg [-L/home/tool/ortools/install/CentOS7-gcc9/lib64] ==> dir [/home/tool/ortools/install/CentOS7-gcc9/lib64]
    arg [-L/home/tool/ortools/install/CentOS7-gcc9/lib] ==> dir [/home/tool/ortools/install/CentOS7-gcc9/lib]
    arg [-L/usr/lib/gcc/x86_64-redhat-linux/8/../../..] ==> dir [/usr/lib/gcc/x86_64-redhat-linux/8/../../..]
    arg [CMakeFiles/cmTC_2c87f.dir/CMakeCCompilerABI.c.o] ==> ignore
    arg [-lgcc] ==> lib [gcc]
    arg [--as-needed] ==> ignore
    arg [-lgcc_s] ==> lib [gcc_s]
    arg [--no-as-needed] ==> ignore
    arg [-lc] ==> lib [c]
    arg [-lgcc] ==> lib [gcc]
    arg [--as-needed] ==> ignore
    arg [-lgcc_s] ==> lib [gcc_s]
    arg [--no-as-needed] ==> ignore
    arg [/usr/lib/gcc/x86_64-redhat-linux/8/crtend.o] ==> ignore
    arg [/usr/lib/gcc/x86_64-redhat-linux/8/../../../../lib64/crtn.o] ==> ignore
  collapse library dir [/home/tool/gcc/gcc-9.3.0/lib64/../lib64] ==> [/home/tool/gcc/gcc-9.3.0/lib64]
  collapse library dir [/home/tool/gcc/gcc-9.3.0/lib/../lib64] ==> [/home/tool/gcc/gcc-9.3.0/lib64]
  collapse library dir [/home/tool/ortools/install/CentOS7-gcc9/lib64/../lib64] ==> [/home/tool/ortools/install/CentOS7-gcc9/lib64]
  collapse library dir [/home/tool/ortools/install/CentOS7-gcc9/lib/../lib64] ==> [/home/tool/ortools/install/CentOS7-gcc9/lib64]
  collapse library dir [/usr/lib/gcc/x86_64-redhat-linux/8] ==> [/usr/lib/gcc/x86_64-redhat-linux/8]
  collapse library dir [/usr/lib/gcc/x86_64-redhat-linux/8/../../../../lib64] ==> [/usr/lib64]
  collapse library dir [/lib/../lib64] ==> [/lib64]
  collapse library dir [/usr/lib/../lib64] ==> [/usr/lib64]
  collapse library dir [/home/tool/gcc/gcc-9.3.0/lib64] ==> [/home/tool/gcc/gcc-9.3.0/lib64]
  collapse library dir [/home/tool/gcc/gcc-9.3.0/lib] ==> [/home/tool/gcc/gcc-9.3.0/lib]
  collapse library dir [/home/tool/git/install/2.26.2/libexec] ==> [/home/tool/git/install/2.26.2/libexec]
  collapse library dir [/home/tool/klayout/install/0.27.1-c8/lib64/klayout] ==> [/home/tool/klayout/install/0.27.1-c8/lib64/klayout]
  collapse library dir [/home/tool/Valgrind/Valgrind-3.12.0/lib] ==> [/home/tool/Valgrind/Valgrind-3.12.0/lib]
  collapse library dir [/home/tool/boost/boost_1_78_0/lib] ==> [/home/tool/boost/boost_1_78_0/lib]
  collapse library dir [/home/tool/flex/2.6.4/lib] ==> [/home/tool/flex/2.6.4/lib]
  collapse library dir [/home/tool/ortools/install/CentOS7-gcc9/lib64] ==> [/home/tool/ortools/install/CentOS7-gcc9/lib64]
  collapse library dir [/home/tool/ortools/install/CentOS7-gcc9/lib] ==> [/home/tool/ortools/install/CentOS7-gcc9/lib]
  collapse library dir [/usr/lib/gcc/x86_64-redhat-linux/8/../../..] ==> [/usr/lib]
  implicit libs: [gcc;gcc_s;c;gcc;gcc_s]
  implicit dirs: [/home/tool/gcc/gcc-9.3.0/lib64;/home/tool/ortools/install/CentOS7-gcc9/lib64;/usr/lib/gcc/x86_64-redhat-linux/8;/usr/lib64;/lib64;/home/tool/gcc/gcc-9.3.0/lib;/home/tool/git/install/2.26.2/libexec;/home/tool/klayout/install/0.27.1-c8/lib64/klayout;/home/tool/Valgrind/Valgrind-3.12.0/lib;/home/tool/boost/boost_1_78_0/lib;/home/tool/flex/2.6.4/lib;/home/tool/ortools/install/CentOS7-gcc9/lib;/usr/lib]
  implicit fwks: []


Determining if the CXX compiler works passed with the following output:
Change Dir: /home/fetzfs_projects/SpecPart/src/ilp_partitioner/build/CMakeFiles/CMakeTmp

Run Build Command(s):/usr/bin/gmake cmTC_75fcd/fast && /usr/bin/gmake -f CMakeFiles/cmTC_75fcd.dir/build.make CMakeFiles/cmTC_75fcd.dir/build
gmake[1]: Entering directory '/home/fetzfs_projects/SpecPart/src/ilp_partitioner/build/CMakeFiles/CMakeTmp'
Building CXX object CMakeFiles/cmTC_75fcd.dir/testCXXCompiler.cxx.o
/usr/bin/c++     -o CMakeFiles/cmTC_75fcd.dir/testCXXCompiler.cxx.o -c /home/fetzfs_projects/SpecPart/src/ilp_partitioner/build/CMakeFiles/CMakeTmp/testCXXCompiler.cxx
Linking CXX executable cmTC_75fcd
/home/tool/cmake/cmake-3.16.2/bin/cmake -E cmake_link_script CMakeFiles/cmTC_75fcd.dir/link.txt --verbose=1
/usr/bin/c++       -rdynamic CMakeFiles/cmTC_75fcd.dir/testCXXCompiler.cxx.o  -o cmTC_75fcd 
gmake[1]: Leaving directory '/home/fetzfs_projects/SpecPart/src/ilp_partitioner/build/CMakeFiles/CMakeTmp'



Detecting CXX compiler ABI info compiled with the following output:
Change Dir: /home/fetzfs_projects/SpecPart/src/ilp_partitioner/build/CMakeFiles/CMakeTmp

Run Build Command(s):/usr/bin/gmake cmTC_46514/fast && /usr/bin/gmake -f CMakeFiles/cmTC_46514.dir/build.make CMakeFiles/cmTC_46514.dir/build
gmake[1]: Entering directory '/home/fetzfs_projects/SpecPart/src/ilp_partitioner/build/CMakeFiles/CMakeTmp'
Building CXX object CMakeFiles/cmTC_46514.dir/CMakeCXXCompilerABI.cpp.o
/usr/bin/c++    -v -o CMakeFiles/cmTC_46514.dir/CMakeCXXCompilerABI.cpp.o -c /home/tool/cmake/cmake-3.16.2/share/cmake-3.16/Modules/CMakeCXXCompilerABI.cpp
Using built-in specs.
COLLECT_GCC=/usr/bin/c++
OFFLOAD_TARGET_NAMES=nvptx-none
OFFLOAD_TARGET_DEFAULT=1
Target: x86_64-redhat-linux
Configured with: ../configure --enable-bootstrap --enable-languages=c,c++,fortran,lto --prefix=/usr --mandir=/usr/share/man --infodir=/usr/share/info --with-bugurl=http://bugzilla.redhat.com/bugzilla --enable-shared --enable-threads=posix --enable-checking=release --enable-multilib --with-system-zlib --enable-__cxa_atexit --disable-libunwind-exceptions --enable-gnu-unique-object --enable-linker-build-id --with-gcc-major-version-only --with-linker-hash-style=gnu --enable-plugin --enable-initfini-array --with-isl --disable-libmpx --enable-offload-targets=nvptx-none --without-cuda-driver --enable-gnu-indirect-function --enable-cet --with-tune=generic --with-arch_32=x86-64 --build=x86_64-redhat-linux
Thread model: posix
gcc version 8.5.0 20210514 (Red Hat 8.5.0-18) (GCC) 
COLLECT_GCC_OPTIONS='-v' '-o' 'CMakeFiles/cmTC_46514.dir/CMakeCXXCompilerABI.cpp.o' '-c' '-shared-libgcc' '-mtune=generic' '-march=x86-64'
 /usr/libexec/gcc/x86_64-redhat-linux/8/cc1plus -quiet -v -D_GNU_SOURCE /home/tool/cmake/cmake-3.16.2/share/cmake-3.16/Modules/CMakeCXXCompilerABI.cpp -quiet -dumpbase CMakeCXXCompilerABI.cpp -mtune=generic -march=x86-64 -auxbase-strip CMakeFiles/cmTC_46514.dir/CMakeCXXCompilerABI.cpp.o -version -o /tmp/cczm1hiw.s
GNU C++14 (GCC) version 8.5.0 20210514 (Red Hat 8.5.0-18) (x86_64-redhat-linux)
	compiled by GNU C version 8.5.0 20210514 (Red Hat 8.5.0-18), GMP version 6.1.2, MPFR version 3.1.6-p2, MPC version 1.1.0, isl version isl-0.16.1-GMP

GGC heuristics: --param ggc-min-expand=100 --param ggc-min-heapsize=131072
ignoring nonexistent directory "/usr/lib/gcc/x86_64-redhat-linux/8/include-fixed"
ignoring nonexistent directory "/usr/lib/gcc/x86_64-redhat-linux/8/../../../../x86_64-redhat-linux/include"
#include "..." search starts here:
#include <...> search starts here:
 /usr/lib/gcc/x86_64-redhat-linux/8/../../../../include/c++/8
 /usr/lib/gcc/x86_64-redhat-linux/8/../../../../include/c++/8/x86_64-redhat-linux
 /usr/lib/gcc/x86_64-redhat-linux/8/../../../../include/c++/8/backward
 /usr/lib/gcc/x86_64-redhat-linux/8/include
 /usr/local/include
 /usr/include
End of search list.
GNU C++14 (GCC) version 8.5.0 20210514 (Red Hat 8.5.0-18) (x86_64-redhat-linux)
	compiled by GNU C version 8.5.0 20210514 (Red Hat 8.5.0-18), GMP version 6.1.2, MPFR version 3.1.6-p2, MPC version 1.1.0, isl version isl-0.16.1-GMP

GGC heuristics: --param ggc-min-expand=100 --param ggc-min-heapsize=131072
Compiler executable checksum: 67162835527bd3aadadb763e3b39fa6d
COLLECT_GCC_OPTIONS='-v' '-o' 'CMakeFiles/cmTC_46514.dir/CMakeCXXCompilerABI.cpp.o' '-c' '-shared-libgcc' '-mtune=generic' '-march=x86-64'
 as -v --64 -o CMakeFiles/cmTC_46514.dir/CMakeCXXCompilerABI.cpp.o /tmp/cczm1hiw.s
GNU assembler version 2.30 (x86_64-redhat-linux) using BFD version version 2.30-119.el8
COMPILER_PATH=/usr/libexec/gcc/x86_64-redhat-linux/8/:/usr/libexec/gcc/x86_64-redhat-linux/8/:/usr/libexec/gcc/x86_64-redhat-linux/:/usr/lib/gcc/x86_64-redhat-linux/8/:/usr/lib/gcc/x86_64-redhat-linux/
LIBRARY_PATH=/home/tool/gcc/gcc-9.3.0/lib64/../lib64/:/home/tool/gcc/gcc-9.3.0/lib/../lib64/:/home/tool/ortools/install/CentOS7-gcc9/lib64/../lib64/:/home/tool/ortools/install/CentOS7-gcc9/lib/../lib64/:/usr/lib/gcc/x86_64-redhat-linux/8/:/usr/lib/gcc/x86_64-redhat-linux/8/../../../../lib64/:/lib/../lib64/:/usr/lib/../lib64/:/home/tool/gcc/gcc-9.3.0/lib64/:/home/tool/gcc/gcc-9.3.0/lib/:/home/tool/git/install/2.26.2/libexec/:/home/tool/klayout/install/0.27.1-c8/lib64/klayout/:/home/tool/Valgrind/Valgrind-3.12.0/lib/:/home/tool/boost/boost_1_78_0/lib/:/home/tool/flex/2.6.4/lib/:/home/tool/ortools/install/CentOS7-gcc9/lib64/:/home/tool/ortools/install/CentOS7-gcc9/lib/:/usr/lib/gcc/x86_64-redhat-linux/8/../../../:/lib/:/usr/lib/
COLLECT_GCC_OPTIONS='-v' '-o' 'CMakeFiles/cmTC_46514.dir/CMakeCXXCompilerABI.cpp.o' '-c' '-shared-libgcc' '-mtune=generic' '-march=x86-64'
Linking CXX executable cmTC_46514
/home/tool/cmake/cmake-3.16.2/bin/cmake -E cmake_link_script CMakeFiles/cmTC_46514.dir/link.txt --verbose=1
/usr/bin/c++      -v -rdynamic CMakeFiles/cmTC_46514.dir/CMakeCXXCompilerABI.cpp.o  -o cmTC_46514 
Using built-in specs.
COLLECT_GCC=/usr/bin/c++
COLLECT_LTO_WRAPPER=/usr/libexec/gcc/x86_64-redhat-linux/8/lto-wrapper
OFFLOAD_TARGET_NAMES=nvptx-none
OFFLOAD_TARGET_DEFAULT=1
Target: x86_64-redhat-linux
Configured with: ../configure --enable-bootstrap --enable-languages=c,c++,fortran,lto --prefix=/usr --mandir=/usr/share/man --infodir=/usr/share/info --with-bugurl=http://bugzilla.redhat.com/bugzilla --enable-shared --enable-threads=posix --enable-checking=release --enable-multilib --with-system-zlib --enable-__cxa_atexit --disable-libunwind-exceptions --enable-gnu-unique-object --enable-linker-build-id --with-gcc-major-version-only --with-linker-hash-style=gnu --enable-plugin --enable-initfini-array --with-isl --disable-libmpx --enable-offload-targets=nvptx-none --without-cuda-driver --enable-gnu-indirect-function --enable-cet --with-tune=generic --with-arch_32=x86-64 --build=x86_64-redhat-linux
Thread model: posix
gcc version 8.5.0 20210514 (Red Hat 8.5.0-18) (GCC) 
COMPILER_PATH=/usr/libexec/gcc/x86_64-redhat-linux/8/:/usr/libexec/gcc/x86_64-redhat-linux/8/:/usr/libexec/gcc/x86_64-redhat-linux/:/usr/lib/gcc/x86_64-redhat-linux/8/:/usr/lib/gcc/x86_64-redhat-linux/
LIBRARY_PATH=/home/tool/gcc/gcc-9.3.0/lib64/../lib64/:/home/tool/gcc/gcc-9.3.0/lib/../lib64/:/home/tool/ortools/install/CentOS7-gcc9/lib64/../lib64/:/home/tool/ortools/install/CentOS7-gcc9/lib/../lib64/:/usr/lib/gcc/x86_64-redhat-linux/8/:/usr/lib/gcc/x86_64-redhat-linux/8/../../../../lib64/:/lib/../lib64/:/usr/lib/../lib64/:/home/tool/gcc/gcc-9.3.0/lib64/:/home/tool/gcc/gcc-9.3.0/lib/:/home/tool/git/install/2.26.2/libexec/:/home/tool/klayout/install/0.27.1-c8/lib64/klayout/:/home/tool/Valgrind/Valgrind-3.12.0/lib/:/home/tool/boost/boost_1_78_0/lib/:/home/tool/flex/2.6.4/lib/:/home/tool/ortools/install/CentOS7-gcc9/lib64/:/home/tool/ortools/install/CentOS7-gcc9/lib/:/usr/lib/gcc/x86_64-redhat-linux/8/../../../:/lib/:/usr/lib/
COLLECT_GCC_OPTIONS='-v' '-rdynamic' '-o' 'cmTC_46514' '-shared-libgcc' '-mtune=generic' '-march=x86-64'
 /usr/libexec/gcc/x86_64-redhat-linux/8/collect2 -plugin /usr/libexec/gcc/x86_64-redhat-linux/8/liblto_plugin.so -plugin-opt=/usr/libexec/gcc/x86_64-redhat-linux/8/lto-wrapper -plugin-opt=-fresolution=/tmp/ccSPBqd4.res -plugin-opt=-pass-through=-lgcc_s -plugin-opt=-pass-through=-lgcc -plugin-opt=-pass-through=-lc -plugin-opt=-pass-through=-lgcc_s -plugin-opt=-pass-through=-lgcc --build-id --no-add-needed --eh-frame-hdr --hash-style=gnu -m elf_x86_64 -export-dynamic -dynamic-linker /lib64/ld-linux-x86-64.so.2 -o cmTC_46514 /usr/lib/gcc/x86_64-redhat-linux/8/../../../../lib64/crt1.o /usr/lib/gcc/x86_64-redhat-linux/8/../../../../lib64/crti.o /usr/lib/gcc/x86_64-redhat-linux/8/crtbegin.o -L/home/tool/gcc/gcc-9.3.0/lib64/../lib64 -L/home/tool/gcc/gcc-9.3.0/lib/../lib64 -L/home/tool/ortools/install/CentOS7-gcc9/lib64/../lib64 -L/home/tool/ortools/install/CentOS7-gcc9/lib/../lib64 -L/usr/lib/gcc/x86_64-redhat-linux/8 -L/usr/lib/gcc/x86_64-redhat-linux/8/../../../../lib64 -L/lib/../lib64 -L/usr/lib/../lib64 -L/home/tool/gcc/gcc-9.3.0/lib64 -L/home/tool/gcc/gcc-9.3.0/lib -L/home/tool/git/install/2.26.2/libexec -L/home/tool/klayout/install/0.27.1-c8/lib64/klayout -L/home/tool/Valgrind/Valgrind-3.12.0/lib -L/home/tool/boost/boost_1_78_0/lib -L/home/tool/flex/2.6.4/lib -L/home/tool/ortools/install/CentOS7-gcc9/lib64 -L/home/tool/ortools/install/CentOS7-gcc9/lib -L/usr/lib/gcc/x86_64-redhat-linux/8/../../.. CMakeFiles/cmTC_46514.dir/CMakeCXXCompilerABI.cpp.o -lstdc++ -lm -lgcc_s -lgcc -lc -lgcc_s -lgcc /usr/lib/gcc/x86_64-redhat-linux/8/crtend.o /usr/lib/gcc/x86_64-redhat-linux/8/../../../../lib64/crtn.o
COLLECT_GCC_OPTIONS='-v' '-rdynamic' '-o' 'cmTC_46514' '-shared-libgcc' '-mtune=generic' '-march=x86-64'
gmake[1]: Leaving directory '/home/fetzfs_projects/SpecPart/src/ilp_partitioner/build/CMakeFiles/CMakeTmp'



Parsed CXX implicit include dir info from above output: rv=done
  found start of include info
  found start of implicit include info
    add: [/usr/lib/gcc/x86_64-redhat-linux/8/../../../../include/c++/8]
    add: [/usr/lib/gcc/x86_64-redhat-linux/8/../../../../include/c++/8/x86_64-redhat-linux]
    add: [/usr/lib/gcc/x86_64-redhat-linux/8/../../../../include/c++/8/backward]
    add: [/usr/lib/gcc/x86_64-redhat-linux/8/include]
    add: [/usr/local/include]
    add: [/usr/include]
  end of search list found
  collapse include dir [/usr/lib/gcc/x86_64-redhat-linux/8/../../../../include/c++/8] ==> [/usr/include/c++/8]
  collapse include dir [/usr/lib/gcc/x86_64-redhat-linux/8/../../../../include/c++/8/x86_64-redhat-linux] ==> [/usr/include/c++/8/x86_64-redhat-linux]
  collapse include dir [/usr/lib/gcc/x86_64-redhat-linux/8/../../../../include/c++/8/backward] ==> [/usr/include/c++/8/backward]
  collapse include dir [/usr/lib/gcc/x86_64-redhat-linux/8/include] ==> [/usr/lib/gcc/x86_64-redhat-linux/8/include]
  collapse include dir [/usr/local/include] ==> [/usr/local/include]
  collapse include dir [/usr/include] ==> [/usr/include]
  implicit include dirs: [/usr/include/c++/8;/usr/include/c++/8/x86_64-redhat-linux;/usr/include/c++/8/backward;/usr/lib/gcc/x86_64-redhat-linux/8/include;/usr/local/include;/usr/include]


Parsed CXX implicit link information from above output:
  link line regex: [^( *|.*[/\])(ld|CMAKE_LINK_STARTFILE-NOTFOUND|([^/\]+-)?ld|collect2)[^/\]*( |$)]
  ignore line: [Change Dir: /home/fetzfs_projects/SpecPart/src/ilp_partitioner/build/CMakeFiles/CMakeTmp]
  ignore line: []
  ignore line: [Run Build Command(s):/usr/bin/gmake cmTC_46514/fast && /usr/bin/gmake -f CMakeFiles/cmTC_46514.dir/build.make CMakeFiles/cmTC_46514.dir/build]
  ignore line: [gmake[1]: Entering directory '/home/fetzfs_projects/SpecPart/src/ilp_partitioner/build/CMakeFiles/CMakeTmp']
  ignore line: [Building CXX object CMakeFiles/cmTC_46514.dir/CMakeCXXCompilerABI.cpp.o]
  ignore line: [/usr/bin/c++    -v -o CMakeFiles/cmTC_46514.dir/CMakeCXXCompilerABI.cpp.o -c /home/tool/cmake/cmake-3.16.2/share/cmake-3.16/Modules/CMakeCXXCompilerABI.cpp]
  ignore line: [Using built-in specs.]
  ignore line: [COLLECT_GCC=/usr/bin/c++]
  ignore line: [OFFLOAD_TARGET_NAMES=nvptx-none]
  ignore line: [OFFLOAD_TARGET_DEFAULT=1]
  ignore line: [Target: x86_64-redhat-linux]
  ignore line: [Configured with: ../configure --enable-bootstrap --enable-languages=c c++ fortran lto --prefix=/usr --mandir=/usr/share/man --infodir=/usr/share/info --with-bugurl=http://bugzilla.redhat.com/bugzilla --enable-shared --enable-threads=posix --enable-checking=release --enable-multilib --with-system-zlib --enable-__cxa_atexit --disable-libunwind-exceptions --enable-gnu-unique-object --enable-linker-build-id --with-gcc-major-version-only --with-linker-hash-style=gnu --enable-plugin --enable-initfini-array --with-isl --disable-libmpx --enable-offload-targets=nvptx-none --without-cuda-driver --enable-gnu-indirect-function --enable-cet --with-tune=generic --with-arch_32=x86-64 --build=x86_64-redhat-linux]
  ignore line: [Thread model: posix]
  ignore line: [gcc version 8.5.0 20210514 (Red Hat 8.5.0-18) (GCC) ]
  ignore line: [COLLECT_GCC_OPTIONS='-v' '-o' 'CMakeFiles/cmTC_46514.dir/CMakeCXXCompilerABI.cpp.o' '-c' '-shared-libgcc' '-mtune=generic' '-march=x86-64']
  ignore line: [ /usr/libexec/gcc/x86_64-redhat-linux/8/cc1plus -quiet -v -D_GNU_SOURCE /home/tool/cmake/cmake-3.16.2/share/cmake-3.16/Modules/CMakeCXXCompilerABI.cpp -quiet -dumpbase CMakeCXXCompilerABI.cpp -mtune=generic -march=x86-64 -auxbase-strip CMakeFiles/cmTC_46514.dir/CMakeCXXCompilerABI.cpp.o -version -o /tmp/cczm1hiw.s]
  ignore line: [GNU C++14 (GCC) version 8.5.0 20210514 (Red Hat 8.5.0-18) (x86_64-redhat-linux)]
  ignore line: [	compiled by GNU C version 8.5.0 20210514 (Red Hat 8.5.0-18)  GMP version 6.1.2  MPFR version 3.1.6-p2  MPC version 1.1.0  isl version isl-0.16.1-GMP]
  ignore line: []
  ignore line: [GGC heuristics: --param ggc-min-expand=100 --param ggc-min-heapsize=131072]
  ignore line: [ignoring nonexistent directory "/usr/lib/gcc/x86_64-redhat-linux/8/include-fixed"]
  ignore line: [ignoring nonexistent directory "/usr/lib/gcc/x86_64-redhat-linux/8/../../../../x86_64-redhat-linux/include"]
  ignore line: [#include "..." search starts here:]
  ignore line: [#include <...> search starts here:]
  ignore line: [ /usr/lib/gcc/x86_64-redhat-linux/8/../../../../include/c++/8]
  ignore line: [ /usr/lib/gcc/x86_64-redhat-linux/8/../../../../include/c++/8/x86_64-redhat-linux]
  ignore line: [ /usr/lib/gcc/x86_64-redhat-linux/8/../../../../include/c++/8/backward]
  ignore line: [ /usr/lib/gcc/x86_64-redhat-linux/8/include]
  ignore line: [ /usr/local/include]
  ignore line: [ /usr/include]
  ignore line: [End of search list.]
  ignore line: [GNU C++14 (GCC) version 8.5.0 20210514 (Red Hat 8.5.0-18) (x86_64-redhat-linux)]
  ignore line: [	compiled by GNU C version 8.5.0 20210514 (Red Hat 8.5.0-18)  GMP version 6.1.2  MPFR version 3.1.6-p2  MPC version 1.1.0  isl version isl-0.16.1-GMP]
  ignore line: []
  ignore line: [GGC heuristics: --param ggc-min-expand=100 --param ggc-min-heapsize=131072]
  ignore line: [Compiler executable checksum: 67162835527bd3aadadb763e3b39fa6d]
  ignore line: [COLLECT_GCC_OPTIONS='-v' '-o' 'CMakeFiles/cmTC_46514.dir/CMakeCXXCompilerABI.cpp.o' '-c' '-shared-libgcc' '-mtune=generic' '-march=x86-64']
  ignore line: [ as -v --64 -o CMakeFiles/cmTC_46514.dir/CMakeCXXCompilerABI.cpp.o /tmp/cczm1hiw.s]
  ignore line: [GNU assembler version 2.30 (x86_64-redhat-linux) using BFD version version 2.30-119.el8]
  ignore line: [COMPILER_PATH=/usr/libexec/gcc/x86_64-redhat-linux/8/:/usr/libexec/gcc/x86_64-redhat-linux/8/:/usr/libexec/gcc/x86_64-redhat-linux/:/usr/lib/gcc/x86_64-redhat-linux/8/:/usr/lib/gcc/x86_64-redhat-linux/]
  ignore line: [LIBRARY_PATH=/home/tool/gcc/gcc-9.3.0/lib64/../lib64/:/home/tool/gcc/gcc-9.3.0/lib/../lib64/:/home/tool/ortools/install/CentOS7-gcc9/lib64/../lib64/:/home/tool/ortools/install/CentOS7-gcc9/lib/../lib64/:/usr/lib/gcc/x86_64-redhat-linux/8/:/usr/lib/gcc/x86_64-redhat-linux/8/../../../../lib64/:/lib/../lib64/:/usr/lib/../lib64/:/home/tool/gcc/gcc-9.3.0/lib64/:/home/tool/gcc/gcc-9.3.0/lib/:/home/tool/git/install/2.26.2/libexec/:/home/tool/klayout/install/0.27.1-c8/lib64/klayout/:/home/tool/Valgrind/Valgrind-3.12.0/lib/:/home/tool/boost/boost_1_78_0/lib/:/home/tool/flex/2.6.4/lib/:/home/tool/ortools/install/CentOS7-gcc9/lib64/:/home/tool/ortools/install/CentOS7-gcc9/lib/:/usr/lib/gcc/x86_64-redhat-linux/8/../../../:/lib/:/usr/lib/]
  ignore line: [COLLECT_GCC_OPTIONS='-v' '-o' 'CMakeFiles/cmTC_46514.dir/CMakeCXXCompilerABI.cpp.o' '-c' '-shared-libgcc' '-mtune=generic' '-march=x86-64']
  ignore line: [Linking CXX executable cmTC_46514]
  ignore line: [/home/tool/cmake/cmake-3.16.2/bin/cmake -E cmake_link_script CMakeFiles/cmTC_46514.dir/link.txt --verbose=1]
  ignore line: [/usr/bin/c++      -v -rdynamic CMakeFiles/cmTC_46514.dir/CMakeCXXCompilerABI.cpp.o  -o cmTC_46514 ]
  ignore line: [Using built-in specs.]
  ignore line: [COLLECT_GCC=/usr/bin/c++]
  ignore line: [COLLECT_LTO_WRAPPER=/usr/libexec/gcc/x86_64-redhat-linux/8/lto-wrapper]
  ignore line: [OFFLOAD_TARGET_NAMES=nvptx-none]
  ignore line: [OFFLOAD_TARGET_DEFAULT=1]
  ignore line: [Target: x86_64-redhat-linux]
  ignore line: [Configured with: ../configure --enable-bootstrap --enable-languages=c c++ fortran lto --prefix=/usr --mandir=/usr/share/man --infodir=/usr/share/info --with-bugurl=http://bugzilla.redhat.com/bugzilla --enable-shared --enable-threads=posix --enable-checking=release --enable-multilib --with-system-zlib --enable-__cxa_atexit --disable-libunwind-exceptions --enable-gnu-unique-object --enable-linker-build-id --with-gcc-major-version-only --with-linker-hash-style=gnu --enable-plugin --enable-initfini-array --with-isl --disable-libmpx --enable-offload-targets=nvptx-none --without-cuda-driver --enable-gnu-indirect-function --enable-cet --with-tune=generic --with-arch_32=x86-64 --build=x86_64-redhat-linux]
  ignore line: [Thread model: posix]
  ignore line: [gcc version 8.5.0 20210514 (Red Hat 8.5.0-18) (GCC) ]
  ignore line: [COMPILER_PATH=/usr/libexec/gcc/x86_64-redhat-linux/8/:/usr/libexec/gcc/x86_64-redhat-linux/8/:/usr/libexec/gcc/x86_64-redhat-linux/:/usr/lib/gcc/x86_64-redhat-linux/8/:/usr/lib/gcc/x86_64-redhat-linux/]
  ignore line: [LIBRARY_PATH=/home/tool/gcc/gcc-9.3.0/lib64/../lib64/:/home/tool/gcc/gcc-9.3.0/lib/../lib64/:/home/tool/ortools/install/CentOS7-gcc9/lib64/../lib64/:/home/tool/ortools/install/CentOS7-gcc9/lib/../lib64/:/usr/lib/gcc/x86_64-redhat-linux/8/:/usr/lib/gcc/x86_64-redhat-linux/8/../../../../lib64/:/lib/../lib64/:/usr/lib/../lib64/:/home/tool/gcc/gcc-9.3.0/lib64/:/home/tool/gcc/gcc-9.3.0/lib/:/home/tool/git/install/2.26.2/libexec/:/home/tool/klayout/install/0.27.1-c8/lib64/klayout/:/home/tool/Valgrind/Valgrind-3.12.0/lib/:/home/tool/boost/boost_1_78_0/lib/:/home/tool/flex/2.6.4/lib/:/home/tool/ortools/install/CentOS7-gcc9/lib64/:/home/tool/ortools/install/CentOS7-gcc9/lib/:/usr/lib/gcc/x86_64-redhat-linux/8/../../../:/lib/:/usr/lib/]
  ignore line: [COLLECT_GCC_OPTIONS='-v' '-rdynamic' '-o' 'cmTC_46514' '-shared-libgcc' '-mtune=generic' '-march=x86-64']
  link line: [ /usr/libexec/gcc/x86_64-redhat-linux/8/collect2 -plugin /usr/libexec/gcc/x86_64-redhat-linux/8/liblto_plugin.so -plugin-opt=/usr/libexec/gcc/x86_64-redhat-linux/8/lto-wrapper -plugin-opt=-fresolution=/tmp/ccSPBqd4.res -plugin-opt=-pass-through=-lgcc_s -plugin-opt=-pass-through=-lgcc -plugin-opt=-pass-through=-lc -plugin-opt=-pass-through=-lgcc_s -plugin-opt=-pass-through=-lgcc --build-id --no-add-needed --eh-frame-hdr --hash-style=gnu -m elf_x86_64 -export-dynamic -dynamic-linker /lib64/ld-linux-x86-64.so.2 -o cmTC_46514 /usr/lib/gcc/x86_64-redhat-linux/8/../../../../lib64/crt1.o /usr/lib/gcc/x86_64-redhat-linux/8/../../../../lib64/crti.o /usr/lib/gcc/x86_64-redhat-linux/8/crtbegin.o -L/home/tool/gcc/gcc-9.3.0/lib64/../lib64 -L/home/tool/gcc/gcc-9.3.0/lib/../lib64 -L/home/tool/ortools/install/CentOS7-gcc9/lib64/../lib64 -L/home/tool/ortools/install/CentOS7-gcc9/lib/../lib64 -L/usr/lib/gcc/x86_64-redhat-linux/8 -L/usr/lib/gcc/x86_64-redhat-linux/8/../../../../lib64 -L/lib/../lib64 -L/usr/lib/../lib64 -L/home/tool/gcc/gcc-9.3.0/lib64 -L/home/tool/gcc/gcc-9.3.0/lib -L/home/tool/git/install/2.26.2/libexec -L/home/tool/klayout/install/0.27.1-c8/lib64/klayout -L/home/tool/Valgrind/Valgrind-3.12.0/lib -L/home/tool/boost/boost_1_78_0/lib -L/home/tool/flex/2.6.4/lib -L/home/tool/ortools/install/CentOS7-gcc9/lib64 -L/home/tool/ortools/install/CentOS7-gcc9/lib -L/usr/lib/gcc/x86_64-redhat-linux/8/../../.. CMakeFiles/cmTC_46514.dir/CMakeCXXCompilerABI.cpp.o -lstdc++ -lm -lgcc_s -lgcc -lc -lgcc_s -lgcc /usr/lib/gcc/x86_64-redhat-linux/8/crtend.o /usr/lib/gcc/x86_64-redhat-linux/8/../../../../lib64/crtn.o]
    arg [/usr/libexec/gcc/x86_64-redhat-linux/8/collect2] ==> ignore
    arg [-plugin] ==> ignore
    arg [/usr/libexec/gcc/x86_64-redhat-linux/8/liblto_plugin.so] ==> ignore
    arg [-plugin-opt=/usr/libexec/gcc/x86_64-redhat-linux/8/lto-wrapper] ==> ignore
    arg [-plugin-opt=-fresolution=/tmp/ccSPBqd4.res] ==> ignore
    arg [-plugin-opt=-pass-through=-lgcc_s] ==> ignore
    arg [-plugin-opt=-pass-through=-lgcc] ==> ignore
    arg [-plugin-opt=-pass-through=-lc] ==> ignore
    arg [-plugin-opt=-pass-through=-lgcc_s] ==> ignore
    arg [-plugin-opt=-pass-through=-lgcc] ==> ignore
    arg [--build-id] ==> ignore
    arg [--no-add-needed] ==> ignore
    arg [--eh-frame-hdr] ==> ignore
    arg [--hash-style=gnu] ==> ignore
    arg [-m] ==> ignore
    arg [elf_x86_64] ==> ignore
    arg [-export-dynamic] ==> ignore
    arg [-dynamic-linker] ==> ignore
    arg [/lib64/ld-linux-x86-64.so.2] ==> ignore
    arg [-o] ==> ignore
    arg [cmTC_46514] ==> ignore
    arg [/usr/lib/gcc/x86_64-redhat-linux/8/../../../../lib64/crt1.o] ==> ignore
    arg [/usr/lib/gcc/x86_64-redhat-linux/8/../../../../lib64/crti.o] ==> ignore
    arg [/usr/lib/gcc/x86_64-redhat-linux/8/crtbegin.o] ==> ignore
    arg [-L/home/tool/gcc/gcc-9.3.0/lib64/../lib64] ==> dir [/home/tool/gcc/gcc-9.3.0/lib64/../lib64]
    arg [-L/home/tool/gcc/gcc-9.3.0/lib/../lib64] ==> dir [/home/tool/gcc/gcc-9.3.0/lib/../lib64]
    arg [-L/home/tool/ortools/install/CentOS7-gcc9/lib64/../lib64] ==> dir [/home/tool/ortools/install/CentOS7-gcc9/lib64/../lib64]
    arg [-L/home/tool/ortools/install/CentOS7-gcc9/lib/../lib64] ==> dir [/home/tool/ortools/install/CentOS7-gcc9/lib/../lib64]
    arg [-L/usr/lib/gcc/x86_64-redhat-linux/8] ==> dir [/usr/lib/gcc/x86_64-redhat-linux/8]
    arg [-L/usr/lib/gcc/x86_64-redhat-linux/8/../../../../lib64] ==> dir [/usr/lib/gcc/x86_64-redhat-linux/8/../../../../lib64]
    arg [-L/lib/../lib64] ==> dir [/lib/../lib64]
    arg [-L/usr/lib/../lib64] ==> dir [/usr/lib/../lib64]
    arg [-L/home/tool/gcc/gcc-9.3.0/lib64] ==> dir [/home/tool/gcc/gcc-9.3.0/lib64]
    arg [-L/home/tool/gcc/gcc-9.3.0/lib] ==> dir [/home/tool/gcc/gcc-9.3.0/lib]
    arg [-L/home/tool/git/install/2.26.2/libexec] ==> dir [/home/tool/git/install/2.26.2/libexec]
    arg [-L/home/tool/klayout/install/0.27.1-c8/lib64/klayout] ==> dir [/home/tool/klayout/install/0.27.1-c8/lib64/klayout]
    arg [-L/home/tool/Valgrind/Valgrind-3.12.0/lib] ==> dir [/home/tool/Valgrind/Valgrind-3.12.0/lib]
    arg [-L/home/tool/boost/boost_1_78_0/lib] ==> dir [/home/tool/boost/boost_1_78_0/lib]
    arg [-L/home/tool/flex/2.6.4/lib] ==> dir [/home/tool/flex/2.6.4/lib]
    arg [-L/home/tool/ortools/install/CentOS7-gcc9/lib64] ==> dir [/home/tool/ortools/install/CentOS7-gcc9/lib64]
    arg [-L/home/tool/ortools/install/CentOS7-gcc9/lib] ==> dir [/home/tool/ortools/install/CentOS7-gcc9/lib]
    arg [-L/usr/lib/gcc/x86_64-redhat-linux/8/../../..] ==> dir [/usr/lib/gcc/x86_64-redhat-linux/8/../../..]
    arg [CMakeFiles/cmTC_46514.dir/CMakeCXXCompilerABI.cpp.o] ==> ignore
    arg [-lstdc++] ==> lib [stdc++]
    arg [-lm] ==> lib [m]
    arg [-lgcc_s] ==> lib [gcc_s]
    arg [-lgcc] ==> lib [gcc]
    arg [-lc] ==> lib [c]
    arg [-lgcc_s] ==> lib [gcc_s]
    arg [-lgcc] ==> lib [gcc]
    arg [/usr/lib/gcc/x86_64-redhat-linux/8/crtend.o] ==> ignore
    arg [/usr/lib/gcc/x86_64-redhat-linux/8/../../../../lib64/crtn.o] ==> ignore
  collapse library dir [/home/tool/gcc/gcc-9.3.0/lib64/../lib64] ==> [/home/tool/gcc/gcc-9.3.0/lib64]
  collapse library dir [/home/tool/gcc/gcc-9.3.0/lib/../lib64] ==> [/home/tool/gcc/gcc-9.3.0/lib64]
  collapse library dir [/home/tool/ortools/install/CentOS7-gcc9/lib64/../lib64] ==> [/home/tool/ortools/install/CentOS7-gcc9/lib64]
  collapse library dir [/home/tool/ortools/install/CentOS7-gcc9/lib/../lib64] ==> [/home/tool/ortools/install/CentOS7-gcc9/lib64]
  collapse library dir [/usr/lib/gcc/x86_64-redhat-linux/8] ==> [/usr/lib/gcc/x86_64-redhat-linux/8]
  collapse library dir [/usr/lib/gcc/x86_64-redhat-linux/8/../../../../lib64] ==> [/usr/lib64]
  collapse library dir [/lib/../lib64] ==> [/lib64]
  collapse library dir [/usr/lib/../lib64] ==> [/usr/lib64]
  collapse library dir [/home/tool/gcc/gcc-9.3.0/lib64] ==> [/home/tool/gcc/gcc-9.3.0/lib64]
  collapse library dir [/home/tool/gcc/gcc-9.3.0/lib] ==> [/home/tool/gcc/gcc-9.3.0/lib]
  collapse library dir [/home/tool/git/install/2.26.2/libexec] ==> [/home/tool/git/install/2.26.2/libexec]
  collapse library dir [/home/tool/klayout/install/0.27.1-c8/lib64/klayout] ==> [/home/tool/klayout/install/0.27.1-c8/lib64/klayout]
  collapse library dir [/home/tool/Valgrind/Valgrind-3.12.0/lib] ==> [/home/tool/Valgrind/Valgrind-3.12.0/lib]
  collapse library dir [/home/tool/boost/boost_1_78_0/lib] ==> [/home/tool/boost/boost_1_78_0/lib]
  collapse library dir [/home/tool/flex/2.6.4/lib] ==> [/home/tool/flex/2.6.4/lib]
  collapse library dir [/home/tool/ortools/install/CentOS7-gcc9/lib64] ==> [/home/tool/ortools/install/CentOS7-gcc9/lib64]
  collapse library dir [/home/tool/ortools/install/CentOS7-gcc9/lib] ==> [/home/tool/ortools/install/CentOS7-gcc9/lib]
  collapse library dir [/usr/lib/gcc/x86_64-redhat-linux/8/../../..] ==> [/usr/lib]
  implicit libs: [stdc++;m;gcc_s;gcc;c;gcc_s;gcc]
  implicit dirs: [/home/tool/gcc/gcc-9.3.0/lib64;/home/tool/ortools/install/CentOS7-gcc9/lib64;/usr/lib/gcc/x86_64-redhat-linux/8;/usr/lib64;/lib64;/home/tool/gcc/gcc-9.3.0/lib;/home/tool/git/install/2.26.2/libexec;/home/tool/klayout/install/0.27.1-c8/lib64/klayout;/home/tool/Valgrind/Valgrind-3.12.0/lib;/home/tool/boost/boost_1_78_0/lib;/home/tool/flex/2.6.4/lib;/home/tool/ortools/install/CentOS7-gcc9/lib;/usr/lib]
  implicit fwks: []


Determining if the include file pthread.h exists passed with the following output:
Change Dir: /home/fetzfs_projects/SpecPart/src/ilp_partitioner/build/CMakeFiles/CMakeTmp

Run Build Command(s):/usr/bin/gmake cmTC_6063f/fast && /usr/bin/gmake -f CMakeFiles/cmTC_6063f.dir/build.make CMakeFiles/cmTC_6063f.dir/build
gmake[1]: Entering directory '/home/fetzfs_projects/SpecPart/src/ilp_partitioner/build/CMakeFiles/CMakeTmp'
Building C object CMakeFiles/cmTC_6063f.dir/CheckIncludeFile.c.o
/usr/bin/cc    -o CMakeFiles/cmTC_6063f.dir/CheckIncludeFile.c.o   -c /home/fetzfs_projects/SpecPart/src/ilp_partitioner/build/CMakeFiles/CMakeTmp/CheckIncludeFile.c
Linking C executable cmTC_6063f
/home/tool/cmake/cmake-3.16.2/bin/cmake -E cmake_link_script CMakeFiles/cmTC_6063f.dir/link.txt --verbose=1
/usr/bin/cc      CMakeFiles/cmTC_6063f.dir/CheckIncludeFile.c.o  -o cmTC_6063f 
gmake[1]: Leaving directory '/home/fetzfs_projects/SpecPart/src/ilp_partitioner/build/CMakeFiles/CMakeTmp'



Determining if the function pthread_create exists in the pthread passed with the following output:
Change Dir: /home/fetzfs_projects/SpecPart/src/ilp_partitioner/build/CMakeFiles/CMakeTmp

Run Build Command(s):/usr/bin/gmake cmTC_3a011/fast && /usr/bin/gmake -f CMakeFiles/cmTC_3a011.dir/build.make CMakeFiles/cmTC_3a011.dir/build
gmake[1]: Entering directory '/home/fetzfs_projects/SpecPart/src/ilp_partitioner/build/CMakeFiles/CMakeTmp'
Building C object CMakeFiles/cmTC_3a011.dir/CheckFunctionExists.c.o
/usr/bin/cc   -DCHECK_FUNCTION_EXISTS=pthread_create   -o CMakeFiles/cmTC_3a011.dir/CheckFunctionExists.c.o   -c /home/tool/cmake/cmake-3.16.2/share/cmake-3.16/Modules/CheckFunctionExists.c
Linking C executable cmTC_3a011
/home/tool/cmake/cmake-3.16.2/bin/cmake -E cmake_link_script CMakeFiles/cmTC_3a011.dir/link.txt --verbose=1
/usr/bin/cc  -DCHECK_FUNCTION_EXISTS=pthread_create    CMakeFiles/cmTC_3a011.dir/CheckFunctionExists.c.o  -o cmTC_3a011  -lpthread 
gmake[1]: Leaving directory '/home/fetzfs_projects/SpecPart/src/ilp_partitioner/build/CMakeFiles/CMakeTmp'



